<?xml version="1.0" encoding="UTF-8"?>
<!-- Generated by org.testng.reporters.JUnitReportReporter -->
<testsuite hostname="LAPTOP-4K66F0EQ" failures="0" tests="2" name="qaclickacademy.AppiumTest" time="0.014" errors="0" timestamp="2021-07-08T14:52:55 SGT" skipped="0">
  <testcase classname="qaclickacademy.AppiumTest" name="NativeAppAndroid" time="0.001"/>
  <system-out/>
  <testcase classname="qaclickacademy.AppiumTest" name="IOSApp" time="0.013"/>
  <system-out/>
</testsuite> <!-- qaclickacademy.AppiumTest -->
