<?xml version="1.0" encoding="UTF-8"?>
<!-- Generated by org.testng.reporters.JUnitReportReporter -->
<testsuite hostname="LAPTOP-4K66F0EQ" failures="0" tests="2" name="qaclickacademy.AppiumTest" time="0.008" errors="0" timestamp="29 Jun 2021 10:06:19 GMT" skipped="0">
  <testcase classname="qaclickacademy.AppiumTest" name="IOSApp" time="0.008"/>
  <testcase classname="qaclickacademy.AppiumTest" name="NativeAppAndroid" time="0.000"/>
</testsuite> <!-- qaclickacademy.AppiumTest -->
