<?xml version="1.0" encoding="UTF-8"?>
<!-- Generated by org.testng.reporters.JUnitReportReporter -->
<testsuite hostname="LAPTOP-4K66F0EQ" failures="0" tests="2" name="qaclickacademy.RestAPITest" time="0.001" errors="0" timestamp="29 Jun 2021 10:06:19 GMT" skipped="0">
  <testcase classname="qaclickacademy.RestAPITest" name="TwitterDelete" time="0.000"/>
  <testcase classname="qaclickacademy.RestAPITest" name="PostJira" time="0.001"/>
</testsuite> <!-- qaclickacademy.RestAPITest -->
