<?xml version="1.0" encoding="UTF-8"?>
<!-- Generated by org.testng.reporters.JUnitReportReporter -->
<testsuite hostname="LAPTOP-4K66F0EQ" failures="0" tests="2" name="qaclickacademy.AppiuTest" time="0.008" errors="0" timestamp="28 Jun 2021 07:43:40 GMT" skipped="0">
  <testcase classname="qaclickacademy.AppiuTest" name="IOSApp" time="0.007"/>
  <testcase classname="qaclickacademy.AppiuTest" name="NativeAppAndroid" time="0.001"/>
</testsuite> <!-- qaclickacademy.AppiuTest -->
